[2022-10-25T00:55:41.437+0000] {taskinstance.py:1165} INFO - Dependencies all met for <TaskInstance: DAG_Unidad_5.read_top10 scheduled__2022-10-24T00:00:00+00:00 [queued]>
[2022-10-25T00:55:41.488+0000] {taskinstance.py:1165} INFO - Dependencies all met for <TaskInstance: DAG_Unidad_5.read_top10 scheduled__2022-10-24T00:00:00+00:00 [queued]>
[2022-10-25T00:55:41.489+0000] {taskinstance.py:1362} INFO - 
--------------------------------------------------------------------------------
[2022-10-25T00:55:41.489+0000] {taskinstance.py:1363} INFO - Starting attempt 1 of 2
[2022-10-25T00:55:41.489+0000] {taskinstance.py:1364} INFO - 
--------------------------------------------------------------------------------
[2022-10-25T00:55:41.559+0000] {taskinstance.py:1383} INFO - Executing <Task(_PythonDecoratedOperator): read_top10> on 2022-10-24 00:00:00+00:00
[2022-10-25T00:55:41.588+0000] {standard_task_runner.py:55} INFO - Started process 109 to run task
[2022-10-25T00:55:41.608+0000] {standard_task_runner.py:82} INFO - Running: ['***', 'tasks', 'run', 'DAG_Unidad_5', 'read_top10', 'scheduled__2022-10-24T00:00:00+00:00', '--job-id', '41', '--raw', '--subdir', 'DAGS_FOLDER/DAG_Unidad_5.py', '--cfg-path', '/tmp/tmpdr2fcit0']
[2022-10-25T00:55:41.611+0000] {standard_task_runner.py:83} INFO - Job 41: Subtask read_top10
[2022-10-25T00:55:41.997+0000] {task_command.py:376} INFO - Running <TaskInstance: DAG_Unidad_5.read_top10 scheduled__2022-10-24T00:00:00+00:00 [running]> on host 179ffa4b9fcd
[2022-10-25T00:55:42.612+0000] {taskinstance.py:1592} INFO - Exporting the following env vars:
AIRFLOW_CTX_DAG_EMAIL=some@somemail.com
AIRFLOW_CTX_DAG_OWNER=Alkemy_Prisma
AIRFLOW_CTX_DAG_ID=DAG_Unidad_5
AIRFLOW_CTX_TASK_ID=read_top10
AIRFLOW_CTX_EXECUTION_DATE=2022-10-24T00:00:00+00:00
AIRFLOW_CTX_TRY_NUMBER=1
AIRFLOW_CTX_DAG_RUN_ID=scheduled__2022-10-24T00:00:00+00:00
[2022-10-25T00:55:42.638+0000] {DAG_Unidad_5.py:57} INFO - Running 'read_top10'
[2022-10-25T00:55:42.675+0000] {DAG_Unidad_5.py:68} INFO - Reading CSV...
[2022-10-25T00:55:44.436+0000] {DAG_Unidad_5.py:81} INFO - ...Archivo procesado correctamente...
[2022-10-25T00:55:44.438+0000] {python.py:177} INFO - Done. Returned value was: None
[2022-10-25T00:55:44.513+0000] {taskinstance.py:1406} INFO - Marking task as SUCCESS. dag_id=DAG_Unidad_5, task_id=read_top10, execution_date=20221024T000000, start_date=20221025T005541, end_date=20221025T005544
[2022-10-25T00:55:44.724+0000] {local_task_job.py:164} INFO - Task exited with return code 0
[2022-10-25T00:55:45.157+0000] {local_task_job.py:273} INFO - 0 downstream tasks scheduled from follow-on schedule check
