[2022-10-24T18:09:55.871+0000] {taskinstance.py:1165} INFO - Dependencies all met for <TaskInstance: DAG_Unidad_5.read_top10 manual__2022-10-24T18:09:52.696010+00:00 [queued]>
[2022-10-24T18:09:55.948+0000] {taskinstance.py:1165} INFO - Dependencies all met for <TaskInstance: DAG_Unidad_5.read_top10 manual__2022-10-24T18:09:52.696010+00:00 [queued]>
[2022-10-24T18:09:55.948+0000] {taskinstance.py:1362} INFO - 
--------------------------------------------------------------------------------
[2022-10-24T18:09:55.948+0000] {taskinstance.py:1363} INFO - Starting attempt 1 of 2
[2022-10-24T18:09:55.949+0000] {taskinstance.py:1364} INFO - 
--------------------------------------------------------------------------------
[2022-10-24T18:09:56.051+0000] {taskinstance.py:1383} INFO - Executing <Task(_PythonDecoratedOperator): read_top10> on 2022-10-24 18:09:52.696010+00:00
[2022-10-24T18:09:56.081+0000] {standard_task_runner.py:55} INFO - Started process 497 to run task
[2022-10-24T18:09:56.091+0000] {standard_task_runner.py:82} INFO - Running: ['***', 'tasks', 'run', 'DAG_Unidad_5', 'read_top10', 'manual__2022-10-24T18:09:52.696010+00:00', '--job-id', '35', '--raw', '--subdir', 'DAGS_FOLDER/DAG_Unidad_5.py', '--cfg-path', '/tmp/tmpyydjja0l']
[2022-10-24T18:09:56.105+0000] {standard_task_runner.py:83} INFO - Job 35: Subtask read_top10
[2022-10-24T18:09:56.308+0000] {task_command.py:376} INFO - Running <TaskInstance: DAG_Unidad_5.read_top10 manual__2022-10-24T18:09:52.696010+00:00 [running]> on host 179ffa4b9fcd
[2022-10-24T18:09:56.673+0000] {taskinstance.py:1592} INFO - Exporting the following env vars:
AIRFLOW_CTX_DAG_EMAIL=some@somemail.com
AIRFLOW_CTX_DAG_OWNER=Alkemy_Prisma
AIRFLOW_CTX_DAG_ID=DAG_Unidad_5
AIRFLOW_CTX_TASK_ID=read_top10
AIRFLOW_CTX_EXECUTION_DATE=2022-10-24T18:09:52.696010+00:00
AIRFLOW_CTX_TRY_NUMBER=1
AIRFLOW_CTX_DAG_RUN_ID=manual__2022-10-24T18:09:52.696010+00:00
[2022-10-24T18:09:56.682+0000] {log.py:232} WARNING - 2022-10-24 18:09:56,682 - INFO - 20 - Running 'read_top10'
[2022-10-24T18:09:56.682+0000] {DAG_Unidad_5.py:58} INFO - Running 'read_top10'
[2022-10-24T18:09:56.684+0000] {log.py:232} WARNING - 2022-10-24 18:09:56,684 - INFO - 20 - Reading CSV...
[2022-10-24T18:09:56.684+0000] {DAG_Unidad_5.py:68} INFO - Reading CSV...
[2022-10-24T18:09:58.860+0000] {log.py:232} WARNING - 2022-10-24 18:09:58,860 - INFO - 20 - ...Archivo procesado correctamente...
[2022-10-24T18:09:58.860+0000] {DAG_Unidad_5.py:81} INFO - ...Archivo procesado correctamente...
[2022-10-24T18:09:58.860+0000] {python.py:177} INFO - Done. Returned value was: None
[2022-10-24T18:09:58.883+0000] {taskinstance.py:1406} INFO - Marking task as SUCCESS. dag_id=DAG_Unidad_5, task_id=read_top10, execution_date=20221024T180952, start_date=20221024T180955, end_date=20221024T180958
[2022-10-24T18:09:58.970+0000] {local_task_job.py:164} INFO - Task exited with return code 0
[2022-10-24T18:09:59.014+0000] {local_task_job.py:273} INFO - 0 downstream tasks scheduled from follow-on schedule check
