[2022-10-24T18:00:23.474+0000] {taskinstance.py:1165} INFO - Dependencies all met for <TaskInstance: DAG_Unidad_5.read_top10 manual__2022-10-24T18:00:20.613155+00:00 [queued]>
[2022-10-24T18:00:23.506+0000] {taskinstance.py:1165} INFO - Dependencies all met for <TaskInstance: DAG_Unidad_5.read_top10 manual__2022-10-24T18:00:20.613155+00:00 [queued]>
[2022-10-24T18:00:23.507+0000] {taskinstance.py:1362} INFO - 
--------------------------------------------------------------------------------
[2022-10-24T18:00:23.507+0000] {taskinstance.py:1363} INFO - Starting attempt 1 of 2
[2022-10-24T18:00:23.507+0000] {taskinstance.py:1364} INFO - 
--------------------------------------------------------------------------------
[2022-10-24T18:00:23.554+0000] {taskinstance.py:1383} INFO - Executing <Task(_PythonDecoratedOperator): read_top10> on 2022-10-24 18:00:20.613155+00:00
[2022-10-24T18:00:23.566+0000] {standard_task_runner.py:55} INFO - Started process 115 to run task
[2022-10-24T18:00:23.579+0000] {standard_task_runner.py:82} INFO - Running: ['***', 'tasks', 'run', 'DAG_Unidad_5', 'read_top10', 'manual__2022-10-24T18:00:20.613155+00:00', '--job-id', '34', '--raw', '--subdir', 'DAGS_FOLDER/DAG_Unidad_5.py', '--cfg-path', '/tmp/tmpafrcjhe7']
[2022-10-24T18:00:23.582+0000] {standard_task_runner.py:83} INFO - Job 34: Subtask read_top10
[2022-10-24T18:00:23.729+0000] {task_command.py:376} INFO - Running <TaskInstance: DAG_Unidad_5.read_top10 manual__2022-10-24T18:00:20.613155+00:00 [running]> on host 179ffa4b9fcd
[2022-10-24T18:00:23.948+0000] {taskinstance.py:1592} INFO - Exporting the following env vars:
AIRFLOW_CTX_DAG_EMAIL=some@somemail.com
AIRFLOW_CTX_DAG_OWNER=Alkemy_Prisma
AIRFLOW_CTX_DAG_ID=DAG_Unidad_5
AIRFLOW_CTX_TASK_ID=read_top10
AIRFLOW_CTX_EXECUTION_DATE=2022-10-24T18:00:20.613155+00:00
AIRFLOW_CTX_TRY_NUMBER=1
AIRFLOW_CTX_DAG_RUN_ID=manual__2022-10-24T18:00:20.613155+00:00
[2022-10-24T18:00:25.411+0000] {log.py:232} WARNING - 2022-10-24 18:00:25,411 - INFO - 20 - Read csv?       Year      City       Sport  ...            Event Event gender   Medal
0     1924  Chamonix     Skating  ...       individual            M  Silver
1     1924  Chamonix     Skating  ...       individual            W    Gold
2     1924  Chamonix     Skating  ...            pairs            X    Gold
3     1924  Chamonix   Bobsleigh  ...         four-man            M  Bronze
4     1924  Chamonix  Ice Hockey  ...       ice hockey            M    Gold
...    ...       ...         ...  ...              ...          ...     ...
2306  2006     Turin      Skiing  ...        Half-pipe            M  Silver
2307  2006     Turin      Skiing  ...        Half-pipe            W    Gold
2308  2006     Turin      Skiing  ...        Half-pipe            W  Silver
2309  2006     Turin      Skiing  ...  Snowboard Cross            M    Gold
2310  2006     Turin      Skiing  ...  Snowboard Cross            W  Silver

[2311 rows x 8 columns]
[2022-10-24T18:00:25.411+0000] {DAG_Unidad_5.py:71} INFO - Read csv?       Year      City       Sport  ...            Event Event gender   Medal
0     1924  Chamonix     Skating  ...       individual            M  Silver
1     1924  Chamonix     Skating  ...       individual            W    Gold
2     1924  Chamonix     Skating  ...            pairs            X    Gold
3     1924  Chamonix   Bobsleigh  ...         four-man            M  Bronze
4     1924  Chamonix  Ice Hockey  ...       ice hockey            M    Gold
...    ...       ...         ...  ...              ...          ...     ...
2306  2006     Turin      Skiing  ...        Half-pipe            M  Silver
2307  2006     Turin      Skiing  ...        Half-pipe            W    Gold
2308  2006     Turin      Skiing  ...        Half-pipe            W  Silver
2309  2006     Turin      Skiing  ...  Snowboard Cross            M    Gold
2310  2006     Turin      Skiing  ...  Snowboard Cross            W  Silver

[2311 rows x 8 columns]
[2022-10-24T18:00:25.447+0000] {python.py:177} INFO - Done. Returned value was: None
[2022-10-24T18:00:25.476+0000] {taskinstance.py:1406} INFO - Marking task as SUCCESS. dag_id=DAG_Unidad_5, task_id=read_top10, execution_date=20221024T180020, start_date=20221024T180023, end_date=20221024T180025
[2022-10-24T18:00:25.566+0000] {local_task_job.py:164} INFO - Task exited with return code 0
[2022-10-24T18:00:25.693+0000] {local_task_job.py:273} INFO - 0 downstream tasks scheduled from follow-on schedule check
