2022-10-20 17:32:56,815 - simple_logger - DEBUG - debug message9995
2022-10-20 17:32:56,817 - simple_logger - INFO - info message9995
2022-10-20 17:32:56,817 - simple_logger - WARNING - warning message9995
2022-10-20 17:32:56,818 - simple_logger - ERROR - error message9995
2022-10-20 17:32:56,818 - simple_logger - CRITICAL - critical message9995
2022-10-20 17:32:56,818 - simple_logger - DEBUG - debug message9996
2022-10-20 17:32:56,818 - simple_logger - INFO - info message9996
2022-10-20 17:32:56,818 - simple_logger - WARNING - warning message9996
2022-10-20 17:32:56,818 - simple_logger - ERROR - error message9996
2022-10-20 17:32:56,818 - simple_logger - CRITICAL - critical message9996
2022-10-20 17:32:56,818 - simple_logger - DEBUG - debug message9997
2022-10-20 17:32:56,819 - simple_logger - INFO - info message9997
2022-10-20 17:32:56,819 - simple_logger - WARNING - warning message9997
2022-10-20 17:32:56,819 - simple_logger - ERROR - error message9997
2022-10-20 17:32:56,819 - simple_logger - CRITICAL - critical message9997
2022-10-20 17:32:56,819 - simple_logger - DEBUG - debug message9998
2022-10-20 17:32:56,819 - simple_logger - INFO - info message9998
2022-10-20 17:32:56,819 - simple_logger - WARNING - warning message9998
2022-10-20 17:32:56,820 - simple_logger - ERROR - error message9998
2022-10-20 17:32:56,820 - simple_logger - CRITICAL - critical message9998
2022-10-20 17:32:56,820 - simple_logger - DEBUG - debug message9999
2022-10-20 17:32:56,820 - simple_logger - INFO - info message9999
2022-10-20 17:32:56,820 - simple_logger - WARNING - warning message9999
2022-10-20 17:32:56,820 - simple_logger - ERROR - error message9999
2022-10-20 17:32:56,820 - simple_logger - CRITICAL - critical message9999
