[2022-10-24T18:12:35.687+0000] {taskinstance.py:1165} INFO - Dependencies all met for <TaskInstance: DAG_Unidad_5.read_top10 manual__2022-10-24T18:12:32.299528+00:00 [queued]>
[2022-10-24T18:12:35.720+0000] {taskinstance.py:1165} INFO - Dependencies all met for <TaskInstance: DAG_Unidad_5.read_top10 manual__2022-10-24T18:12:32.299528+00:00 [queued]>
[2022-10-24T18:12:35.720+0000] {taskinstance.py:1362} INFO - 
--------------------------------------------------------------------------------
[2022-10-24T18:12:35.720+0000] {taskinstance.py:1363} INFO - Starting attempt 1 of 2
[2022-10-24T18:12:35.721+0000] {taskinstance.py:1364} INFO - 
--------------------------------------------------------------------------------
[2022-10-24T18:12:35.774+0000] {taskinstance.py:1383} INFO - Executing <Task(_PythonDecoratedOperator): read_top10> on 2022-10-24 18:12:32.299528+00:00
[2022-10-24T18:12:35.792+0000] {standard_task_runner.py:55} INFO - Started process 600 to run task
[2022-10-24T18:12:35.811+0000] {standard_task_runner.py:82} INFO - Running: ['***', 'tasks', 'run', 'DAG_Unidad_5', 'read_top10', 'manual__2022-10-24T18:12:32.299528+00:00', '--job-id', '36', '--raw', '--subdir', 'DAGS_FOLDER/DAG_Unidad_5.py', '--cfg-path', '/tmp/tmpcx8op2r1']
[2022-10-24T18:12:35.815+0000] {standard_task_runner.py:83} INFO - Job 36: Subtask read_top10
[2022-10-24T18:12:36.183+0000] {task_command.py:376} INFO - Running <TaskInstance: DAG_Unidad_5.read_top10 manual__2022-10-24T18:12:32.299528+00:00 [running]> on host 179ffa4b9fcd
[2022-10-24T18:12:36.634+0000] {taskinstance.py:1592} INFO - Exporting the following env vars:
AIRFLOW_CTX_DAG_EMAIL=some@somemail.com
AIRFLOW_CTX_DAG_OWNER=Alkemy_Prisma
AIRFLOW_CTX_DAG_ID=DAG_Unidad_5
AIRFLOW_CTX_TASK_ID=read_top10
AIRFLOW_CTX_EXECUTION_DATE=2022-10-24T18:12:32.299528+00:00
AIRFLOW_CTX_TRY_NUMBER=1
AIRFLOW_CTX_DAG_RUN_ID=manual__2022-10-24T18:12:32.299528+00:00
[2022-10-24T18:12:36.637+0000] {DAG_Unidad_5.py:56} INFO - Running 'read_top10'
[2022-10-24T18:12:36.643+0000] {DAG_Unidad_5.py:66} INFO - Reading CSV...
[2022-10-24T18:12:37.833+0000] {DAG_Unidad_5.py:79} INFO - ...Archivo procesado correctamente...
[2022-10-24T18:12:37.834+0000] {python.py:177} INFO - Done. Returned value was: None
[2022-10-24T18:12:37.859+0000] {taskinstance.py:1406} INFO - Marking task as SUCCESS. dag_id=DAG_Unidad_5, task_id=read_top10, execution_date=20221024T181232, start_date=20221024T181235, end_date=20221024T181237
[2022-10-24T18:12:37.929+0000] {local_task_job.py:164} INFO - Task exited with return code 0
[2022-10-24T18:12:38.029+0000] {local_task_job.py:273} INFO - 0 downstream tasks scheduled from follow-on schedule check
